16-Jan-2024 21:44:20.264 INFO [main] org.apache.catalina.startup.VersionLoggerListener.log 서버 버전 이름:    Apache Tomcat/9.0.81
16-Jan-2024 21:44:20.267 INFO [main] org.apache.catalina.startup.VersionLoggerListener.log Server 빌드 시각:  Oct 9 2023 21:04:55 UTC
16-Jan-2024 21:44:20.267 INFO [main] org.apache.catalina.startup.VersionLoggerListener.log Server 버전 번호:  9.0.81.0
16-Jan-2024 21:44:20.267 INFO [main] org.apache.catalina.startup.VersionLoggerListener.log 운영체제 이름:     Windows 11
16-Jan-2024 21:44:20.267 INFO [main] org.apache.catalina.startup.VersionLoggerListener.log 운영체제 버전:     10.0
16-Jan-2024 21:44:20.267 INFO [main] org.apache.catalina.startup.VersionLoggerListener.log 아키텍처:          amd64
16-Jan-2024 21:44:20.267 INFO [main] org.apache.catalina.startup.VersionLoggerListener.log 자바 홈:           C:\Program Files\Java\jdk-11
16-Jan-2024 21:44:20.268 INFO [main] org.apache.catalina.startup.VersionLoggerListener.log JVM 버전:          11.0.20+9-LTS-256
16-Jan-2024 21:44:20.268 INFO [main] org.apache.catalina.startup.VersionLoggerListener.log JVM 벤더:          Oracle Corporation
16-Jan-2024 21:44:20.268 INFO [main] org.apache.catalina.startup.VersionLoggerListener.log CATALINA_BASE:     C:\Users\김현주\IdeaProjects\board
16-Jan-2024 21:44:20.268 INFO [main] org.apache.catalina.startup.VersionLoggerListener.log CATALINA_HOME:     C:\Program Files\apache-tomcat-9.0.81-windows-x64\apache-tomcat-9.0.81
16-Jan-2024 21:44:20.275 INFO [main] org.apache.catalina.startup.VersionLoggerListener.log 명령 행 아규먼트:  --add-opens=java.base/java.lang=ALL-UNNAMED
16-Jan-2024 21:44:20.276 INFO [main] org.apache.catalina.startup.VersionLoggerListener.log 명령 행 아규먼트:  --add-opens=java.base/java.io=ALL-UNNAMED
16-Jan-2024 21:44:20.276 INFO [main] org.apache.catalina.startup.VersionLoggerListener.log 명령 행 아규먼트:  --add-opens=java.base/java.util=ALL-UNNAMED
16-Jan-2024 21:44:20.276 INFO [main] org.apache.catalina.startup.VersionLoggerListener.log 명령 행 아규먼트:  --add-opens=java.base/java.util.concurrent=ALL-UNNAMED
16-Jan-2024 21:44:20.276 INFO [main] org.apache.catalina.startup.VersionLoggerListener.log 명령 행 아규먼트:  --add-opens=java.rmi/sun.rmi.transport=ALL-UNNAMED
16-Jan-2024 21:44:20.276 INFO [main] org.apache.catalina.startup.VersionLoggerListener.log 명령 행 아규먼트:  -Dcatalina.home=C:\Program Files\apache-tomcat-9.0.81-windows-x64\apache-tomcat-9.0.81
16-Jan-2024 21:44:20.276 INFO [main] org.apache.catalina.startup.VersionLoggerListener.log 명령 행 아규먼트:  -Dcatalina.base=C:\Users\김현주\IdeaProjects\board
16-Jan-2024 21:44:20.277 INFO [main] org.apache.catalina.startup.VersionLoggerListener.log 명령 행 아규먼트:  -Djava.io.tmpdir=C:\Users\김현주\IdeaProjects\board\temp
16-Jan-2024 21:44:20.277 INFO [main] org.apache.catalina.startup.VersionLoggerListener.log 명령 행 아규먼트:  -Djava.util.logging.config.file=C:\Users\김현주\IdeaProjects\board\conf\logging.properties
16-Jan-2024 21:44:20.277 INFO [main] org.apache.catalina.startup.VersionLoggerListener.log 명령 행 아규먼트:  -Djava.util.logging.manager=org.apache.juli.ClassLoaderLogManager
16-Jan-2024 21:44:20.277 INFO [main] org.apache.catalina.startup.VersionLoggerListener.log 명령 행 아규먼트:  -javaagent:C:\Program Files\JetBrains\IntelliJ IDEA Community Edition 2023.2.4\lib\idea_rt.jar=50440:C:\Program Files\JetBrains\IntelliJ IDEA Community Edition 2023.2.4\bin
16-Jan-2024 21:44:20.277 INFO [main] org.apache.catalina.startup.VersionLoggerListener.log 명령 행 아규먼트:  -Dfile.encoding=UTF-8
16-Jan-2024 21:44:20.280 INFO [main] org.apache.catalina.core.AprLifecycleListener.lifecycleEvent APR 버전 [1.7.4]을(를) 사용한, APR 기반 Apache Tomcat Native 라이브러리 [1.2.39]을(를) 로드했습니다.
16-Jan-2024 21:44:20.280 INFO [main] org.apache.catalina.core.AprLifecycleListener.lifecycleEvent APR 용량정보들: IPv6 [true], sendfile [true], accept filters [false], random [true], UDS [true].
16-Jan-2024 21:44:20.280 INFO [main] org.apache.catalina.core.AprLifecycleListener.lifecycleEvent APR/OpenSSL 설정: useAprConnector [false], useOpenSSL [true]
16-Jan-2024 21:44:20.284 INFO [main] org.apache.catalina.core.AprLifecycleListener.initializeSSL OpenSSL이 성공적으로 초기화되었습니다: [OpenSSL 3.0.11 19 Sep 2023]
16-Jan-2024 21:44:20.551 INFO [main] org.apache.coyote.AbstractProtocol.init 프로토콜 핸들러 ["http-nio-8084"]을(를) 초기화합니다.
16-Jan-2024 21:44:20.575 INFO [main] org.apache.catalina.startup.Catalina.load [498] 밀리초 내에 서버가 초기화되었습니다.
16-Jan-2024 21:44:20.628 INFO [main] org.apache.catalina.core.StandardService.startInternal 서비스 [Catalina]을(를) 시작합니다.
16-Jan-2024 21:44:20.628 INFO [main] org.apache.catalina.core.StandardEngine.startInternal 서버 엔진을 시작합니다: [Apache Tomcat/9.0.81]
16-Jan-2024 21:44:20.637 INFO [main] org.apache.catalina.startup.HostConfig.deployDescriptor 배치 descriptor [C:\Users\김현주\IdeaProjects\board\conf\Catalina\localhost\ROOT.xml]을(를) 배치합니다.
16-Jan-2024 21:44:22.395 INFO [main] org.apache.jasper.servlet.TldScanner.scanJars 적어도 하나의 JAR가 TLD들을 찾기 위해 스캔되었으나 아무 것도 찾지 못했습니다. 스캔했으나 TLD가 없는 JAR들의 전체 목록을 보시려면, 로그 레벨을 디버그 레벨로 설정하십시오. 스캔 과정에서 불필요한 JAR들을 건너뛰면, 시스템 시작 시간과 JSP 컴파일 시간을 단축시킬 수 있습니다.
16-Jan-2024 21:44:23.126 SEVERE [main] org.apache.catalina.core.StandardContext.startInternal 하나 이상의 리스너들이 시작하지 못했습니다. 상세 내역은 적절한 컨테이너 로그 파일에서 찾을 수 있습니다.
16-Jan-2024 21:44:23.266 WARNING [main] org.apache.catalina.util.SessionIdGeneratorBase.createSecureRandom [SHA1PRNG] 알고리즘을 사용하여, 세션 ID를 생성하기 위한 SecureRandom 객체를 생성하는데, [137] 밀리초가 소요됐습니다.
16-Jan-2024 21:44:23.266 SEVERE [main] org.apache.catalina.core.StandardContext.startInternal 이전 오류들로 인해 컨텍스트 []의 시작이 실패했습니다.
16-Jan-2024 21:44:23.274 WARNING [main] org.apache.catalina.loader.WebappClassLoaderBase.clearReferencesJdbc 웹 애플리케이션 [ROOT]이(가) JDBC 드라이버 [com.mysql.cj.jdbc.Driver]을(를) 등록했지만, 웹 애플리케이션이 중지될 때, 해당 JDBC 드라이버의 등록을 제거하지 못했습니다. 메모리 누수를 방지하기 위하여, 등록을 강제로 제거했습니다.
16-Jan-2024 21:44:23.278 WARNING [main] org.apache.catalina.loader.WebappClassLoaderBase.clearReferencesThreads 웹 애플리케이션 [ROOT]이(가) [mysql-cj-abandoned-connection-cleanup](이)라는 이름의 쓰레드를 시작시킨 것으로 보이지만, 해당 쓰레드를 중지시키지 못했습니다. 이는 메모리 누수를 유발할 가능성이 큽니다. 해당 쓰레드의 스택 트레이스:
 java.base@11.0.20/java.lang.Object.wait(Native Method)
 java.base@11.0.20/java.lang.ref.ReferenceQueue.remove(ReferenceQueue.java:155)
 com.mysql.cj.jdbc.AbandonedConnectionCleanupThread.run(AbandonedConnectionCleanupThread.java:91)
 java.base@11.0.20/java.util.concurrent.ThreadPoolExecutor.runWorker(ThreadPoolExecutor.java:1128)
 java.base@11.0.20/java.util.concurrent.ThreadPoolExecutor$Worker.run(ThreadPoolExecutor.java:628)
 java.base@11.0.20/java.lang.Thread.run(Thread.java:834)
16-Jan-2024 21:44:23.282 INFO [main] org.apache.catalina.startup.HostConfig.deployDescriptor 배치 descriptor [C:\Users\김현주\IdeaProjects\board\conf\Catalina\localhost\ROOT.xml]의 배치가 [2,645] 밀리초 내에 완료되었습니다.
16-Jan-2024 21:44:23.284 INFO [main] org.apache.coyote.AbstractProtocol.start 프로토콜 핸들러 ["http-nio-8084"]을(를) 시작합니다.
16-Jan-2024 21:44:23.484 INFO [main] org.apache.catalina.startup.Catalina.start 서버가 [2908] 밀리초 내에 시작되었습니다.
16-Jan-2024 21:44:23.488 SEVERE [main] org.apache.catalina.core.StandardServer.await 주소 [localhost]와(과) 포트 [8005]에, 서버 셧다운 소켓을 생성하지 못했습니다. (base 포트 [8005], offset [0])
	java.net.BindException: Address already in use: NET_Bind
		at java.base/java.net.PlainSocketImpl.bind0(Native Method)
		at java.base/java.net.PlainSocketImpl.socketBind(PlainSocketImpl.java:132)
		at java.base/java.net.AbstractPlainSocketImpl.bind(AbstractPlainSocketImpl.java:452)
		at java.base/java.net.ServerSocket.bind(ServerSocket.java:381)
		at java.base/java.net.ServerSocket.<init>(ServerSocket.java:243)
		at org.apache.catalina.core.StandardServer.await(StandardServer.java:581)
		at org.apache.catalina.startup.Catalina.await(Catalina.java:864)
		at org.apache.catalina.startup.Catalina.start(Catalina.java:810)
		at java.base/jdk.internal.reflect.NativeMethodAccessorImpl.invoke0(Native Method)
		at java.base/jdk.internal.reflect.NativeMethodAccessorImpl.invoke(NativeMethodAccessorImpl.java:62)
		at java.base/jdk.internal.reflect.DelegatingMethodAccessorImpl.invoke(DelegatingMethodAccessorImpl.java:43)
		at java.base/java.lang.reflect.Method.invoke(Method.java:566)
		at org.apache.catalina.startup.Bootstrap.start(Bootstrap.java:347)
		at org.apache.catalina.startup.Bootstrap.main(Bootstrap.java:478)
16-Jan-2024 21:44:23.488 INFO [main] org.apache.coyote.AbstractProtocol.pause 프로토콜 핸들러 ["http-nio-8084"]을(를) 일시 정지 중
16-Jan-2024 21:44:23.598 INFO [main] org.apache.catalina.core.StandardService.stopInternal 서비스 [Catalina]을(를) 중지시킵니다.
16-Jan-2024 21:44:23.599 INFO [main] org.apache.coyote.AbstractProtocol.stop 프로토콜 핸들러 ["http-nio-8084"]을(를) 중지시킵니다.
16-Jan-2024 21:44:23.604 INFO [main] org.apache.coyote.AbstractProtocol.destroy 프로토콜 핸들러 ["http-nio-8084"]을(를) 소멸시킵니다.
16-Jan-2024 21:45:01.936 INFO [main] org.apache.catalina.startup.VersionLoggerListener.log 서버 버전 이름:    Apache Tomcat/9.0.81
16-Jan-2024 21:45:01.939 INFO [main] org.apache.catalina.startup.VersionLoggerListener.log Server 빌드 시각:  Oct 9 2023 21:04:55 UTC
16-Jan-2024 21:45:01.939 INFO [main] org.apache.catalina.startup.VersionLoggerListener.log Server 버전 번호:  9.0.81.0
16-Jan-2024 21:45:01.939 INFO [main] org.apache.catalina.startup.VersionLoggerListener.log 운영체제 이름:     Windows 11
16-Jan-2024 21:45:01.939 INFO [main] org.apache.catalina.startup.VersionLoggerListener.log 운영체제 버전:     10.0
16-Jan-2024 21:45:01.939 INFO [main] org.apache.catalina.startup.VersionLoggerListener.log 아키텍처:          amd64
16-Jan-2024 21:45:01.939 INFO [main] org.apache.catalina.startup.VersionLoggerListener.log 자바 홈:           C:\Program Files\Java\jdk-11
16-Jan-2024 21:45:01.939 INFO [main] org.apache.catalina.startup.VersionLoggerListener.log JVM 버전:          11.0.20+9-LTS-256
16-Jan-2024 21:45:01.939 INFO [main] org.apache.catalina.startup.VersionLoggerListener.log JVM 벤더:          Oracle Corporation
16-Jan-2024 21:45:01.940 INFO [main] org.apache.catalina.startup.VersionLoggerListener.log CATALINA_BASE:     C:\Users\김현주\IdeaProjects\board
16-Jan-2024 21:45:01.940 INFO [main] org.apache.catalina.startup.VersionLoggerListener.log CATALINA_HOME:     C:\Program Files\apache-tomcat-9.0.81-windows-x64\apache-tomcat-9.0.81
16-Jan-2024 21:45:01.949 INFO [main] org.apache.catalina.startup.VersionLoggerListener.log 명령 행 아규먼트:  --add-opens=java.base/java.lang=ALL-UNNAMED
16-Jan-2024 21:45:01.950 INFO [main] org.apache.catalina.startup.VersionLoggerListener.log 명령 행 아규먼트:  --add-opens=java.base/java.io=ALL-UNNAMED
16-Jan-2024 21:45:01.950 INFO [main] org.apache.catalina.startup.VersionLoggerListener.log 명령 행 아규먼트:  --add-opens=java.base/java.util=ALL-UNNAMED
16-Jan-2024 21:45:01.950 INFO [main] org.apache.catalina.startup.VersionLoggerListener.log 명령 행 아규먼트:  --add-opens=java.base/java.util.concurrent=ALL-UNNAMED
16-Jan-2024 21:45:01.950 INFO [main] org.apache.catalina.startup.VersionLoggerListener.log 명령 행 아규먼트:  --add-opens=java.rmi/sun.rmi.transport=ALL-UNNAMED
16-Jan-2024 21:45:01.950 INFO [main] org.apache.catalina.startup.VersionLoggerListener.log 명령 행 아규먼트:  -Dcatalina.home=C:\Program Files\apache-tomcat-9.0.81-windows-x64\apache-tomcat-9.0.81
16-Jan-2024 21:45:01.950 INFO [main] org.apache.catalina.startup.VersionLoggerListener.log 명령 행 아규먼트:  -Dcatalina.base=C:\Users\김현주\IdeaProjects\board
16-Jan-2024 21:45:01.950 INFO [main] org.apache.catalina.startup.VersionLoggerListener.log 명령 행 아규먼트:  -Djava.io.tmpdir=C:\Users\김현주\IdeaProjects\board\temp
16-Jan-2024 21:45:01.950 INFO [main] org.apache.catalina.startup.VersionLoggerListener.log 명령 행 아규먼트:  -Djava.util.logging.config.file=C:\Users\김현주\IdeaProjects\board\conf\logging.properties
16-Jan-2024 21:45:01.950 INFO [main] org.apache.catalina.startup.VersionLoggerListener.log 명령 행 아규먼트:  -Djava.util.logging.manager=org.apache.juli.ClassLoaderLogManager
16-Jan-2024 21:45:01.950 INFO [main] org.apache.catalina.startup.VersionLoggerListener.log 명령 행 아규먼트:  -javaagent:C:\Program Files\JetBrains\IntelliJ IDEA Community Edition 2023.2.4\lib\idea_rt.jar=50489:C:\Program Files\JetBrains\IntelliJ IDEA Community Edition 2023.2.4\bin
16-Jan-2024 21:45:01.951 INFO [main] org.apache.catalina.startup.VersionLoggerListener.log 명령 행 아규먼트:  -Dfile.encoding=UTF-8
16-Jan-2024 21:45:01.954 INFO [main] org.apache.catalina.core.AprLifecycleListener.lifecycleEvent APR 버전 [1.7.4]을(를) 사용한, APR 기반 Apache Tomcat Native 라이브러리 [1.2.39]을(를) 로드했습니다.
16-Jan-2024 21:45:01.955 INFO [main] org.apache.catalina.core.AprLifecycleListener.lifecycleEvent APR 용량정보들: IPv6 [true], sendfile [true], accept filters [false], random [true], UDS [true].
16-Jan-2024 21:45:01.955 INFO [main] org.apache.catalina.core.AprLifecycleListener.lifecycleEvent APR/OpenSSL 설정: useAprConnector [false], useOpenSSL [true]
16-Jan-2024 21:45:01.960 INFO [main] org.apache.catalina.core.AprLifecycleListener.initializeSSL OpenSSL이 성공적으로 초기화되었습니다: [OpenSSL 3.0.11 19 Sep 2023]
16-Jan-2024 21:45:02.203 INFO [main] org.apache.coyote.AbstractProtocol.init 프로토콜 핸들러 ["http-nio-8084"]을(를) 초기화합니다.
16-Jan-2024 21:45:02.231 INFO [main] org.apache.catalina.startup.Catalina.load [492] 밀리초 내에 서버가 초기화되었습니다.
16-Jan-2024 21:45:02.297 INFO [main] org.apache.catalina.core.StandardService.startInternal 서비스 [Catalina]을(를) 시작합니다.
16-Jan-2024 21:45:02.297 INFO [main] org.apache.catalina.core.StandardEngine.startInternal 서버 엔진을 시작합니다: [Apache Tomcat/9.0.81]
16-Jan-2024 21:45:02.306 INFO [main] org.apache.catalina.startup.HostConfig.deployDescriptor 배치 descriptor [C:\Users\김현주\IdeaProjects\board\conf\Catalina\localhost\ROOT.xml]을(를) 배치합니다.
16-Jan-2024 21:45:04.054 INFO [main] org.apache.jasper.servlet.TldScanner.scanJars 적어도 하나의 JAR가 TLD들을 찾기 위해 스캔되었으나 아무 것도 찾지 못했습니다. 스캔했으나 TLD가 없는 JAR들의 전체 목록을 보시려면, 로그 레벨을 디버그 레벨로 설정하십시오. 스캔 과정에서 불필요한 JAR들을 건너뛰면, 시스템 시작 시간과 JSP 컴파일 시간을 단축시킬 수 있습니다.
16-Jan-2024 21:45:04.766 SEVERE [main] org.apache.catalina.core.StandardContext.startInternal 하나 이상의 리스너들이 시작하지 못했습니다. 상세 내역은 적절한 컨테이너 로그 파일에서 찾을 수 있습니다.
16-Jan-2024 21:45:04.913 WARNING [main] org.apache.catalina.util.SessionIdGeneratorBase.createSecureRandom [SHA1PRNG] 알고리즘을 사용하여, 세션 ID를 생성하기 위한 SecureRandom 객체를 생성하는데, [144] 밀리초가 소요됐습니다.
16-Jan-2024 21:45:04.913 SEVERE [main] org.apache.catalina.core.StandardContext.startInternal 이전 오류들로 인해 컨텍스트 []의 시작이 실패했습니다.
16-Jan-2024 21:45:04.925 WARNING [main] org.apache.catalina.loader.WebappClassLoaderBase.clearReferencesJdbc 웹 애플리케이션 [ROOT]이(가) JDBC 드라이버 [com.mysql.cj.jdbc.Driver]을(를) 등록했지만, 웹 애플리케이션이 중지될 때, 해당 JDBC 드라이버의 등록을 제거하지 못했습니다. 메모리 누수를 방지하기 위하여, 등록을 강제로 제거했습니다.
16-Jan-2024 21:45:04.928 WARNING [main] org.apache.catalina.loader.WebappClassLoaderBase.clearReferencesThreads 웹 애플리케이션 [ROOT]이(가) [mysql-cj-abandoned-connection-cleanup](이)라는 이름의 쓰레드를 시작시킨 것으로 보이지만, 해당 쓰레드를 중지시키지 못했습니다. 이는 메모리 누수를 유발할 가능성이 큽니다. 해당 쓰레드의 스택 트레이스:
 java.base@11.0.20/java.lang.Object.wait(Native Method)
 java.base@11.0.20/java.lang.ref.ReferenceQueue.remove(ReferenceQueue.java:155)
 com.mysql.cj.jdbc.AbandonedConnectionCleanupThread.run(AbandonedConnectionCleanupThread.java:91)
 java.base@11.0.20/java.util.concurrent.ThreadPoolExecutor.runWorker(ThreadPoolExecutor.java:1128)
 java.base@11.0.20/java.util.concurrent.ThreadPoolExecutor$Worker.run(ThreadPoolExecutor.java:628)
 java.base@11.0.20/java.lang.Thread.run(Thread.java:834)
16-Jan-2024 21:45:04.932 INFO [main] org.apache.catalina.startup.HostConfig.deployDescriptor 배치 descriptor [C:\Users\김현주\IdeaProjects\board\conf\Catalina\localhost\ROOT.xml]의 배치가 [2,626] 밀리초 내에 완료되었습니다.
16-Jan-2024 21:45:04.935 INFO [main] org.apache.coyote.AbstractProtocol.start 프로토콜 핸들러 ["http-nio-8084"]을(를) 시작합니다.
16-Jan-2024 21:45:05.095 INFO [main] org.apache.catalina.startup.Catalina.start 서버가 [2864] 밀리초 내에 시작되었습니다.
16-Jan-2024 21:45:05.100 SEVERE [main] org.apache.catalina.core.StandardServer.await 주소 [localhost]와(과) 포트 [8005]에, 서버 셧다운 소켓을 생성하지 못했습니다. (base 포트 [8005], offset [0])
	java.net.BindException: Address already in use: NET_Bind
		at java.base/java.net.PlainSocketImpl.bind0(Native Method)
		at java.base/java.net.PlainSocketImpl.socketBind(PlainSocketImpl.java:132)
		at java.base/java.net.AbstractPlainSocketImpl.bind(AbstractPlainSocketImpl.java:452)
		at java.base/java.net.ServerSocket.bind(ServerSocket.java:381)
		at java.base/java.net.ServerSocket.<init>(ServerSocket.java:243)
		at org.apache.catalina.core.StandardServer.await(StandardServer.java:581)
		at org.apache.catalina.startup.Catalina.await(Catalina.java:864)
		at org.apache.catalina.startup.Catalina.start(Catalina.java:810)
		at java.base/jdk.internal.reflect.NativeMethodAccessorImpl.invoke0(Native Method)
		at java.base/jdk.internal.reflect.NativeMethodAccessorImpl.invoke(NativeMethodAccessorImpl.java:62)
		at java.base/jdk.internal.reflect.DelegatingMethodAccessorImpl.invoke(DelegatingMethodAccessorImpl.java:43)
		at java.base/java.lang.reflect.Method.invoke(Method.java:566)
		at org.apache.catalina.startup.Bootstrap.start(Bootstrap.java:347)
		at org.apache.catalina.startup.Bootstrap.main(Bootstrap.java:478)
16-Jan-2024 21:45:05.100 INFO [main] org.apache.coyote.AbstractProtocol.pause 프로토콜 핸들러 ["http-nio-8084"]을(를) 일시 정지 중
16-Jan-2024 21:45:05.209 INFO [main] org.apache.catalina.core.StandardService.stopInternal 서비스 [Catalina]을(를) 중지시킵니다.
16-Jan-2024 21:45:05.209 INFO [main] org.apache.coyote.AbstractProtocol.stop 프로토콜 핸들러 ["http-nio-8084"]을(를) 중지시킵니다.
16-Jan-2024 21:45:05.213 INFO [main] org.apache.coyote.AbstractProtocol.destroy 프로토콜 핸들러 ["http-nio-8084"]을(를) 소멸시킵니다.
